#
# A fatal error has been detected by the Java Runtime Environment:
#
#  EXCEPTION_UNCAUGHT_CXX_EXCEPTION (0xe06d7363) at pc=0x00007ff8dad4a839, pid=7520, tid=0x0000000000004e24
#
# JRE version: Java(TM) SE Runtime Environment (8.0_202-b08) (build 1.8.0_202-b08)
# Java VM: Java HotSpot(TM) 64-Bit Server VM (25.202-b08 mixed mode windows-amd64 compressed oops)
# Problematic frame:
# C  [KERNELBASE.dll+0x3a839]
#
# Failed to write core dump. Minidumps are not enabled by default on client versions of Windows
#
# If you would like to submit a bug report, please visit:
#   http://bugreport.java.com/bugreport/crash.jsp
# The crash happened outside the Java Virtual Machine in native code.
# See problematic frame for where to report the bug.
#

---------------  T H R E A D  ---------------

Current thread (0x0000000038500000):  JavaThread "AWT-EventQueue-0" [_thread_in_native, id=20004, stack(0x0000000039870000,0x0000000039970000)]

siginfo: ExceptionCode=0xe06d7363, ExceptionInformation=0x0000000019930520 0x000000003996c1f8 0x00007ff85cd22878 0x00007ff85cbb0000 

Registers:
RAX=0x000000003be8b824, RBX=0x000000003996c1f8, RCX=0x000000100000005b, RDX=0x000000003be8c2bc
RSP=0x000000003996c080, RBP=0x000000003996c1c0, RSI=0x000000038d600000, RDI=0x00007ff85cd22878
R8 =0x000000003996b479, R9 =0x000000003be8b2b0, R10=0x000000003996b868, R11=0x000000003be8b304
R12=0x0000000028b0ff00, R13=0x0000000028b12530, R14=0x000000004379c8d0, R15=0x0000000028c07270
RIP=0x00007ff8dad4a839, EFLAGS=0x0000000000000202

Top of Stack: (sp=0x000000003996c080)
0x000000003996c080:   0000000028c07270 000000003996c1f8
0x000000003996c090:   000000038d600000 000000004379c8d0
0x000000003996c0a0:   00000001e06d7363 0000000000000000
0x000000003996c0b0:   00007ff8dad4a839 00007ff800000004
0x000000003996c0c0:   0000000019930520 000000003996c1f8
0x000000003996c0d0:   00007ff85cd22878 00007ff85cbb0000
0x000000003996c0e0:   0000000028b12530 0000000028b0ff00
0x000000003996c0f0:   000000038d600000 000000003996c1c0
0x000000003996c100:   000000003996c1d0 00007ff8ddd9f49f
0x000000003996c110:   00007ff85cd22878 00007ff800000000
0x000000003996c120:   00000000437d19b0 0000000058918d94
0x000000003996c130:   00007ff85cd88000 00007ff85cbb0000
0x000000003996c140:   00001f4d587c7d1e 00000000437d15f0
0x000000003996c150:   000000003996c1f8 00000000589114f1
0x000000003996c160:   00000000437d1a38 0000000000000001
0x000000003996c170:   00000000437d15f0 0000000000000000 

Instructions: (pc=0x00007ff8dad4a839)
0x00007ff8dad4a819:   8b d1 44 0f 47 c0 44 89 44 24 38 49 c1 e0 03 e8
0x00007ff8dad4a829:   ca 4c 05 00 48 8d 4c 24 20 48 ff 15 ef c3 16 00
0x00007ff8dad4a839:   0f 1f 44 00 00 48 8b 8c 24 c0 00 00 00 48 33 cc
0x00007ff8dad4a849:   e8 c2 ee 04 00 48 81 c4 d8 00 00 00 c3 83 64 24 


Register to memory mapping:

RAX=0x000000003be8b824 is an unknown value
RBX=0x000000003996c1f8 is pointing into the stack for thread: 0x0000000038500000
RCX=0x000000100000005b is an unknown value
RDX=0x000000003be8c2bc is an unknown value
RSP=0x000000003996c080 is pointing into the stack for thread: 0x0000000038500000
RBP=0x000000003996c1c0 is pointing into the stack for thread: 0x0000000038500000
RSI=0x000000038d600000 is an unknown value
RDI=0x00007ff85cd22878 is an unknown value
R8 =0x000000003996b479 is pointing into the stack for thread: 0x0000000038500000
R9 =0x000000003be8b2b0 is an unknown value
R10=0x000000003996b868 is pointing into the stack for thread: 0x0000000038500000
R11=0x000000003be8b304 is an unknown value
R12=0x0000000028b0ff00 is an unknown value
R13=0x0000000028b12530 is an unknown value
R14=0x000000004379c8d0 is an unknown value
R15=0x0000000028c07270 is an unknown value


Stack: [0x0000000039870000,0x0000000039970000],  sp=0x000000003996c080,  free space=1008k
Native frames: (J=compiled Java code, j=interpreted, Vv=VM code, C=native code)
C  [KERNELBASE.dll+0x3a839]
C  [msvcr100.dll+0x614f1]
C  [vtkCommonCore-6.1.dll+0xff868]
C  0x00007ff85bfe6ec2
C  [vtkCommonExecutionModel-6.1.dll+0x2778a]
C  [vtkCommonExecutionModel-6.1.dll+0xeb2a]
C  [vtkCommonExecutionModel-6.1.dll+0xb5b5]
C  [vtkCommonExecutionModel-6.1.dll+0x9549]
C  [vtkCommonExecutionModel-6.1.dll+0xd0ec]
C  [vtkCommonExecutionModel-6.1.dll+0x1c3ee]
C  [vtkCommonExecutionModel-6.1.dll+0xb322]
C  [vtkCommonExecutionModel-6.1.dll+0x20855]
C  0x00007ff85b451b15
C  0x00007ff85b3f77e8
C  0x00007ff85b397c4b
C  0x0000000003058c67

Java frames: (J=compiled Java code, j=interpreted, Vv=VM code)
j  vtk.vtkActor.GetBounds_19()[D+0
j  vtk.vtkActor.GetBounds()[D+1
j  scalismo.ui.rendering.actor.Actors.$anonfun$boundingBox$1(Lvtk/vtkActor;)Lscalismo/ui/model/BoundingBox;+4
j  scalismo.ui.rendering.actor.Actors$$Lambda$420.apply(Ljava/lang/Object;)Ljava/lang/Object;+4
j  scala.collection.immutable.List.map(Lscala/Function1;Lscala/collection/generic/CanBuildFrom;)Ljava/lang/Object;+30
j  scalismo.ui.rendering.actor.Actors.boundingBox()Lscalismo/ui/model/BoundingBox;+17
j  scalismo.ui.rendering.actor.Actors.boundingBox$(Lscalismo/ui/rendering/actor/Actors;)Lscalismo/ui/model/BoundingBox;+1
j  scalismo.ui.rendering.actor.PointCloudActor3D.boundingBox()Lscalismo/ui/model/BoundingBox;+1
j  scalismo.ui.rendering.RendererPanel.$anonfun$geometryChanged$2(Lscalismo/ui/rendering/actor/Actors;)Lscalismo/ui/model/BoundingBox;+1
j  scalismo.ui.rendering.RendererPanel$$Lambda$357.apply(Ljava/lang/Object;)Ljava/lang/Object;+4
j  scala.Option.map(Lscala/Function1;)Lscala/Option;+20
j  scalismo.ui.rendering.RendererPanel.$anonfun$geometryChanged$1(Lscalismo/ui/model/BoundingBox;Lscalismo/ui/rendering/RendererPanel$RenderableAndActors;)Lscalismo/ui/model/BoundingBox;+44
j  scalismo.ui.rendering.RendererPanel$$Lambda$356.apply(Ljava/lang/Object;Ljava/lang/Object;)Ljava/lang/Object;+8
j  scala.collection.LinearSeqOptimized.foldLeft(Ljava/lang/Object;Lscala/Function2;)Ljava/lang/Object;+24
j  scala.collection.LinearSeqOptimized.foldLeft$(Lscala/collection/LinearSeqOptimized;Ljava/lang/Object;Lscala/Function2;)Ljava/lang/Object;+3
j  scala.collection.immutable.List.foldLeft(Ljava/lang/Object;Lscala/Function2;)Ljava/lang/Object;+3
j  scalismo.ui.rendering.RendererPanel.scalismo$ui$rendering$RendererPanel$$geometryChanged()V+13
j  scalismo.ui.rendering.RendererPanel.$anonfun$updateAllActors$1(Lscalismo/ui/rendering/RendererPanel;)V+413
j  scalismo.ui.rendering.RendererPanel$$Lambda$332.apply$mcV$sp()V+4
J 4894 C1 scala.runtime.java8.JFunction0$mcV$sp.apply()Ljava/lang/Object; (10 bytes) @ 0x0000000003e78b04 [0x0000000003e78a00+0x104]
j  scalismo.ui.util.EdtUtil$.onEdtWait(Lscala/Function0;Lscala/reflect/ClassTag;)Ljava/lang/Object;+7
j  scalismo.ui.rendering.RendererPanel.scalismo$ui$rendering$RendererPanel$$updateAllActors()V+22
j  scalismo.ui.rendering.RendererPanel$$anonfun$1.applyOrElse(Lscala/swing/event/Event;Lscala/Function1;)Ljava/lang/Object;+25
j  scalismo.ui.rendering.RendererPanel$$anonfun$1.applyOrElse(Ljava/lang/Object;Lscala/Function1;)Ljava/lang/Object;+6
j  scala.runtime.AbstractPartialFunction.apply(Ljava/lang/Object;)Ljava/lang/Object;+8
j  scala.swing.Reactions$Impl.$anonfun$apply$1(Lscala/swing/event/Event;Lscala/PartialFunction;)V+12
j  scala.swing.Reactions$Impl.$anonfun$apply$1$adapted(Lscala/swing/event/Event;Lscala/PartialFunction;)Ljava/lang/Object;+2
j  scala.swing.Reactions$Impl$$Lambda$268.apply(Ljava/lang/Object;)Ljava/lang/Object;+8
J 3097 C1 scala.collection.immutable.List.foreach(Lscala/Function1;)V (32 bytes) @ 0x0000000003982e84 [0x0000000003982cc0+0x1c4]
j  scala.collection.generic.TraversableForwarder.foreach(Lscala/Function1;)V+7
j  scala.collection.generic.TraversableForwarder.foreach$(Lscala/collection/generic/TraversableForwarder;Lscala/Function1;)V+2
j  scala.collection.mutable.ListBuffer.foreach(Lscala/Function1;)V+2
j  scala.swing.Reactions$Impl.apply(Lscala/swing/event/Event;)V+10
j  scala.swing.Reactions$Impl.apply(Ljava/lang/Object;)Ljava/lang/Object;+5
J 4523 C1 scalismo.ui.event.ScalismoPublisher$$Lambda$263.apply(Ljava/lang/Object;)Ljava/lang/Object; (12 bytes) @ 0x0000000003d20ff4 [0x0000000003d20c60+0x394]
J 4554 C1 scala.collection.mutable.HashSet.foreach(Lscala/Function1;)V (47 bytes) @ 0x0000000003d371f4 [0x0000000003d36e40+0x3b4]
j  scalismo.ui.event.ScalismoPublisher.doPublish(Lscala/swing/event/Event;)V+31
j  scalismo.ui.event.ScalismoPublisher.$anonfun$publishEvent$1(Lscalismo/ui/event/ScalismoPublisher;Lscala/swing/event/Event;)V+2
j  scalismo.ui.event.ScalismoPublisher$$Lambda$261.apply$mcV$sp()V+8
J 4894 C1 scala.runtime.java8.JFunction0$mcV$sp.apply()Ljava/lang/Object; (10 bytes) @ 0x0000000003e78b04 [0x0000000003e78a00+0x104]
j  scalismo.ui.util.EdtUtil$.onEdtWait(Lscala/Function0;Lscala/reflect/ClassTag;)Ljava/lang/Object;+7
j  scalismo.ui.event.ScalismoPublisher.publishEvent(Lscala/swing/event/Event;)V+16
j  scalismo.ui.event.ScalismoPublisher.publishEvent$(Lscalismo/ui/event/ScalismoPublisher;Lscala/swing/event/Event;)V+2
j  scalismo.ui.model.Scene.publishEvent(Lscala/swing/event/Event;)V+2
j  scalismo.ui.model.Scene$$anonfun$1.applyOrElse(Lscala/swing/event/Event;Lscala/Function1;)Ljava/lang/Object;+26
j  scalismo.ui.model.Scene$$anonfun$1.applyOrElse(Ljava/lang/Object;Lscala/Function1;)Ljava/lang/Object;+6
j  scala.runtime.AbstractPartialFunction.apply(Ljava/lang/Object;)Ljava/lang/Object;+8
j  scala.swing.Reactions$Impl.$anonfun$apply$1(Lscala/swing/event/Event;Lscala/PartialFunction;)V+12
j  scala.swing.Reactions$Impl.$anonfun$apply$1$adapted(Lscala/swing/event/Event;Lscala/PartialFunction;)Ljava/lang/Object;+2
j  scala.swing.Reactions$Impl$$Lambda$268.apply(Ljava/lang/Object;)Ljava/lang/Object;+8
J 3097 C1 scala.collection.immutable.List.foreach(Lscala/Function1;)V (32 bytes) @ 0x0000000003982e84 [0x0000000003982cc0+0x1c4]
j  scala.collection.generic.TraversableForwarder.foreach(Lscala/Function1;)V+7
j  scala.collection.generic.TraversableForwarder.foreach$(Lscala/collection/generic/TraversableForwarder;Lscala/Function1;)V+2
j  scala.collection.mutable.ListBuffer.foreach(Lscala/Function1;)V+2
j  scala.swing.Reactions$Impl.apply(Lscala/swing/event/Event;)V+10
j  scala.swing.Reactions$Impl.apply(Ljava/lang/Object;)Ljava/lang/Object;+5
J 4523 C1 scalismo.ui.event.ScalismoPublisher$$Lambda$263.apply(Ljava/lang/Object;)Ljava/lang/Object; (12 bytes) @ 0x0000000003d20ff4 [0x0000000003d20c60+0x394]
J 4554 C1 scala.collection.mutable.HashSet.foreach(Lscala/Function1;)V (47 bytes) @ 0x0000000003d371f4 [0x0000000003d36e40+0x3b4]
j  scalismo.ui.event.ScalismoPublisher.doPublish(Lscala/swing/event/Event;)V+31
j  scalismo.ui.event.ScalismoPublisher.$anonfun$publishEvent$1(Lscalismo/ui/event/ScalismoPublisher;Lscala/swing/event/Event;)V+2
j  scalismo.ui.event.ScalismoPublisher$$Lambda$261.apply$mcV$sp()V+8
J 4894 C1 scala.runtime.java8.JFunction0$mcV$sp.apply()Ljava/lang/Object; (10 bytes) @ 0x0000000003e78b04 [0x0000000003e78a00+0x104]
j  scalismo.ui.util.EdtUtil$.$anonfun$onEdtWait$1(Lscala/Function0;Ljava/lang/Object;)V+6
j  scalismo.ui.util.EdtUtil$$$Lambda$233.apply$mcV$sp()V+8
j  scala.swing.Swing$$anon$10.run()V+4
j  java.awt.event.InvocationEvent.dispatch()V+11
j  java.awt.EventQueue.dispatchEventImpl(Ljava/awt/AWTEvent;Ljava/lang/Object;)V+21
j  java.awt.EventQueue.access$500(Ljava/awt/EventQueue;Ljava/awt/AWTEvent;Ljava/lang/Object;)V+3
j  java.awt.EventQueue$3.run()Ljava/lang/Void;+32
j  java.awt.EventQueue$3.run()Ljava/lang/Object;+1
v  ~StubRoutines::call_stub
J 791  java.security.AccessController.doPrivileged(Ljava/security/PrivilegedAction;Ljava/security/AccessControlContext;)Ljava/lang/Object; (0 bytes) @ 0x0000000003397d26 [0x0000000003397cc0+0x66]
J 4927 C1 java.security.ProtectionDomain$JavaSecurityAccessImpl.doIntersectionPrivilege(Ljava/security/PrivilegedAction;Ljava/security/AccessControlContext;Ljava/security/AccessControlContext;)Ljava/lang/Object; (22 bytes) @ 0x00000000031eca3c [0x00000000031ec5c0+0x47c]
j  java.awt.EventQueue.dispatchEvent(Ljava/awt/AWTEvent;)V+46
j  java.awt.EventDispatchThread.pumpOneEventForFilters(I)V+140
j  java.awt.EventDispatchThread.pumpEventsForFilter(ILjava/awt/Conditional;Ljava/awt/EventFilter;)V+35
j  java.awt.EventDispatchThread.pumpEventsForHierarchy(ILjava/awt/Conditional;Ljava/awt/Component;)V+11
j  java.awt.EventDispatchThread.pumpEvents(ILjava/awt/Conditional;)V+4
j  java.awt.EventDispatchThread.pumpEvents(Ljava/awt/Conditional;)V+3
j  java.awt.EventDispatchThread.run()V+9
v  ~StubRoutines::call_stub

---------------  P R O C E S S  ---------------

Java Threads: ( => current thread )
  0x0000000038745000 JavaThread "D3D Screen Updater" daemon [_thread_blocked, id=15636, stack(0x000000003b730000,0x000000003b830000)]
  0x0000000029bc4800 JavaThread "Timer-3" daemon [_thread_blocked, id=11928, stack(0x000000003a070000,0x000000003a170000)]
  0x0000000029bc3800 JavaThread "Timer-2" daemon [_thread_blocked, id=23256, stack(0x0000000039f70000,0x000000003a070000)]
  0x0000000029bc3000 JavaThread "Timer-1" daemon [_thread_blocked, id=21904, stack(0x0000000039e70000,0x0000000039f70000)]
  0x0000000029bc6000 JavaThread "Timer-0" daemon [_thread_blocked, id=17168, stack(0x0000000039d70000,0x0000000039e70000)]
=>0x0000000038500000 JavaThread "AWT-EventQueue-0" [_thread_in_native, id=20004, stack(0x0000000039870000,0x0000000039970000)]
  0x00000000384d9000 JavaThread "AWT-Shutdown" [_thread_blocked, id=21300, stack(0x0000000039770000,0x0000000039870000)]
  0x0000000029e2a800 JavaThread "Thread-1" daemon [_thread_blocked, id=22652, stack(0x00000000374a0000,0x00000000375a0000)]
  0x00000000299cf800 JavaThread "main-SharedResourceRunner" daemon [_thread_blocked, id=16416, stack(0x0000000034fe0000,0x00000000350e0000)]
  0x00000000297d5800 JavaThread "AWT-Windows" daemon [_thread_in_native, id=7712, stack(0x000000002a6a0000,0x000000002a7a0000)]
  0x000000002982e000 JavaThread "Java2D Disposer" daemon [_thread_blocked, id=15996, stack(0x000000002a4a0000,0x000000002a5a0000)]
  0x00000000289a8800 JavaThread "Service Thread" daemon [_thread_blocked, id=21808, stack(0x0000000029190000,0x0000000029290000)]
  0x0000000027eb8800 JavaThread "C1 CompilerThread3" daemon [_thread_blocked, id=13156, stack(0x0000000028890000,0x0000000028990000)]
  0x0000000027eae000 JavaThread "C2 CompilerThread2" daemon [_thread_blocked, id=8044, stack(0x0000000028790000,0x0000000028890000)]
  0x0000000027ead000 JavaThread "C2 CompilerThread1" daemon [_thread_blocked, id=14072, stack(0x0000000028690000,0x0000000028790000)]
  0x0000000027eac800 JavaThread "C2 CompilerThread0" daemon [_thread_blocked, id=13660, stack(0x0000000028590000,0x0000000028690000)]
  0x0000000027eab000 JavaThread "Monitor Ctrl-Break" daemon [_thread_in_native, id=18460, stack(0x0000000028490000,0x0000000028590000)]
  0x0000000027bc9800 JavaThread "Attach Listener" daemon [_thread_blocked, id=19832, stack(0x0000000028390000,0x0000000028490000)]
  0x0000000025dce800 JavaThread "Signal Dispatcher" daemon [_thread_blocked, id=22264, stack(0x0000000028290000,0x0000000028390000)]
  0x000000000303c800 JavaThread "Finalizer" daemon [_thread_blocked, id=5948, stack(0x0000000028090000,0x0000000028190000)]
  0x0000000027bb0800 JavaThread "Reference Handler" daemon [_thread_blocked, id=18956, stack(0x0000000027f90000,0x0000000028090000)]
  0x0000000002f45800 JavaThread "main" [_thread_blocked, id=20180, stack(0x0000000002c50000,0x0000000002d50000)]

Other Threads:
  0x0000000025dba000 VMThread [stack: 0x0000000027a90000,0x0000000027b90000] [id=23476]
  0x0000000027f8b800 WatcherThread [stack: 0x0000000029290000,0x0000000029390000] [id=19984]

VM state:not at safepoint (normal execution)

VM Mutex/Monitor currently owned by a thread: None

heap address: 0x00000005c5000000, size: 8112 MB, Compressed Oops mode: Zero based, Oop shift amount: 3
Narrow klass base: 0x0000000000000000, Narrow klass shift: 3
Compressed class space size: 1073741824 Address: 0x00000007c0000000

Heap:
 PSYoungGen      total 2144256K, used 325023K [0x0000000717000000, 0x00000007c0000000, 0x00000007c0000000)
  eden space 1986560K, 16% used [0x0000000717000000,0x000000072ad67d80,0x0000000790400000)
  from space 157696K, 0% used [0x0000000790400000,0x0000000790400000,0x0000000799e00000)
  to   space 276992K, 0% used [0x00000007af180000,0x00000007af180000,0x00000007c0000000)
 ParOldGen       total 5537792K, used 5519573K [0x00000005c5000000, 0x0000000717000000, 0x0000000717000000)
  object space 5537792K, 99% used [0x00000005c5000000,0x0000000715e35478,0x0000000717000000)
 Metaspace       used 67444K, capacity 69253K, committed 69504K, reserved 1110016K
  class space    used 8056K, capacity 8236K, committed 8320K, reserved 1048576K

Card table byte_map: [0x0000000012400000,0x00000000133e0000] byte_map_base: 0x000000000f5d8000

Marking Bits: (ParMarkBitMap*) 0x00000000584d5ce0
 Begin Bits: [0x0000000014670000, 0x000000001c530000)
 End Bits:   [0x000000001c530000, 0x00000000243f0000)

Polling page: 0x0000000000f30000

CodeCache: size=245760Kb used=12628Kb max_used=14589Kb free=233131Kb
 bounds [0x0000000003040000, 0x0000000003e90000, 0x0000000012040000]
 total_blobs=6105 nmethods=4393 adapters=1622
 compilation: enabled

Compilation events (10 events):
Event: 42.698 Thread 0x0000000027eb8800 5100       3       sun.awt.AWTAccessor::getEventQueueAccessor (18 bytes)
Event: 42.698 Thread 0x0000000027eb8800 nmethod 5100 0x00000000031a2f50 code [0x00000000031a30c0, 0x00000000031a3328]
Event: 45.147 Thread 0x0000000027eb8800 5101       3       sun.awt.EventQueueItem::<init> (10 bytes)
Event: 45.147 Thread 0x0000000027eb8800 nmethod 5101 0x0000000003c07b10 code [0x0000000003c07c60, 0x0000000003c07e30]
Event: 62.433 Thread 0x0000000027eb8800 5102       3       java.awt.EventQueue::eventToCacheIndex (80 bytes)
Event: 62.433 Thread 0x0000000027eb8800 nmethod 5102 0x0000000003210410 code [0x0000000003210580, 0x0000000003210a50]
Event: 62.434 Thread 0x0000000027eb8800 5104   !   3       java.awt.EventQueue::postEventPrivate (104 bytes)
Event: 62.434 Thread 0x0000000027eb8800 nmethod 5104 0x0000000003155690 code [0x00000000031558a0, 0x0000000003156168]
Event: 62.434 Thread 0x0000000027eb8800 5103       1       java.awt.Component::isCoalescingEnabled (5 bytes)
Event: 62.434 Thread 0x0000000027eb8800 nmethod 5103 0x0000000003c54c50 code [0x0000000003c54da0, 0x0000000003c54eb0]

GC Heap History (10 events):
Event: 17.668 GC heap before
{Heap before GC invocations=22 (full 6):
 PSYoungGen      total 2144256K, used 2144256K [0x0000000717000000, 0x00000007c0000000, 0x00000007c0000000)
  eden space 1986560K, 100% used [0x0000000717000000,0x0000000790400000,0x0000000790400000)
  from space 157696K, 100% used [0x0000000790400000,0x0000000799e00000,0x0000000799e00000)
  to   space 276992K, 100% used [0x00000007af180000,0x00000007c0000000,0x00000007c0000000)
 ParOldGen       total 2297856K, used 2297385K [0x00000005c5000000, 0x0000000651400000, 0x0000000717000000)
  object space 2297856K, 99% used [0x00000005c5000000,0x000000065138a770,0x0000000651400000)
 Metaspace       used 67302K, capacity 69079K, committed 69248K, reserved 1110016K
  class space    used 8031K, capacity 8203K, committed 8320K, reserved 1048576K
Event: 19.584 GC heap after
Heap after GC invocations=22 (full 6):
 PSYoungGen      total 2144256K, used 0K [0x0000000717000000, 0x00000007c0000000, 0x00000007c0000000)
  eden space 1986560K, 0% used [0x0000000717000000,0x0000000717000000,0x0000000790400000)
  from space 157696K, 0% used [0x0000000790400000,0x0000000790400000,0x0000000799e00000)
  to   space 276992K, 98% used [0x00000007af180000,0x00000007bfd48778,0x00000007c0000000)
 ParOldGen       total 3116032K, used 2297663K [0x00000005c5000000, 0x0000000683300000, 0x0000000717000000)
  object space 3116032K, 73% used [0x00000005c5000000,0x00000006513cfe08,0x0000000683300000)
 Metaspace       used 67302K, capacity 69079K, committed 69248K, reserved 1110016K
  class space    used 8031K, capacity 8203K, committed 8320K, reserved 1048576K
}
Event: 20.979 GC heap before
{Heap before GC invocations=23 (full 7):
 PSYoungGen      total 2144256K, used 1986560K [0x0000000717000000, 0x00000007c0000000, 0x00000007c0000000)
  eden space 1986560K, 100% used [0x0000000717000000,0x0000000790400000,0x0000000790400000)
  from space 157696K, 0% used [0x0000000790400000,0x0000000790400000,0x0000000799e00000)
  to   space 276992K, 98% used [0x00000007af180000,0x00000007bfd48778,0x00000007c0000000)
 ParOldGen       total 3116032K, used 2297663K [0x00000005c5000000, 0x0000000683300000, 0x0000000717000000)
  object space 3116032K, 73% used [0x00000005c5000000,0x00000006513cfe08,0x0000000683300000)
 Metaspace       used 67307K, capacity 69087K, committed 69248K, reserved 1110016K
  class space    used 8031K, capacity 8203K, committed 8320K, reserved 1048576K
Event: 23.542 GC heap after
Heap after GC invocations=23 (full 7):
 PSYoungGen      total 2144256K, used 1016372K [0x0000000717000000, 0x00000007c0000000, 0x00000007c0000000)
  eden space 1986560K, 51% used [0x0000000717000000,0x000000075508d140,0x0000000790400000)
  from space 157696K, 0% used [0x0000000790400000,0x0000000790400000,0x0000000799e00000)
  to   space 276992K, 0% used [0x00000007af180000,0x00000007af180000,0x00000007c0000000)
 ParOldGen       total 4047872K, used 3115665K [0x00000005c5000000, 0x00000006bc100000, 0x0000000717000000)
  object space 4047872K, 76% used [0x00000005c5000000,0x00000006832a4710,0x00000006bc100000)
 Metaspace       used 67307K, capacity 69087K, committed 69248K, reserved 1110016K
  class space    used 8031K, capacity 8203K, committed 8320K, reserved 1048576K
}
Event: 24.266 GC heap before
{Heap before GC invocations=24 (full 7):
 PSYoungGen      total 2144256K, used 1986560K [0x0000000717000000, 0x00000007c0000000, 0x00000007c0000000)
  eden space 1986560K, 100% used [0x0000000717000000,0x0000000790400000,0x0000000790400000)
  from space 157696K, 0% used [0x0000000790400000,0x0000000790400000,0x0000000799e00000)
  to   space 276992K, 0% used [0x00000007af180000,0x00000007af180000,0x00000007c0000000)
 ParOldGen       total 4047872K, used 3115665K [0x00000005c5000000, 0x00000006bc100000, 0x0000000717000000)
  object space 4047872K, 76% used [0x00000005c5000000,0x00000006832a4710,0x00000006bc100000)
 Metaspace       used 67307K, capacity 69087K, committed 69248K, reserved 1110016K
  class space    used 8031K, capacity 8203K, committed 8320K, reserved 1048576K
Event: 25.625 GC heap after
Heap after GC invocations=24 (full 7):
 PSYoungGen      total 2144256K, used 1986560K [0x0000000717000000, 0x00000007c0000000, 0x00000007c0000000)
  eden space 1986560K, 100% used [0x0000000717000000,0x0000000790400000,0x0000000790400000)
  from space 157696K, 0% used [0x0000000790400000,0x0000000790400000,0x0000000799e00000)
  to   space 276992K, 100% used [0x00000007af180000,0x00000007c0000000,0x00000007c0000000)
 ParOldGen       total 4624896K, used 4622593K [0x00000005c5000000, 0x00000006df480000, 0x0000000717000000)
  object space 4624896K, 99% used [0x00000005c5000000,0x00000006df240710,0x00000006df480000)
 Metaspace       used 67307K, capacity 69087K, committed 69248K, reserved 1110016K
  class space    used 8031K, capacity 8203K, committed 8320K, reserved 1048576K
}
Event: 25.625 GC heap before
{Heap before GC invocations=25 (full 8):
 PSYoungGen      total 2144256K, used 1986560K [0x0000000717000000, 0x00000007c0000000, 0x00000007c0000000)
  eden space 1986560K, 100% used [0x0000000717000000,0x0000000790400000,0x0000000790400000)
  from space 157696K, 0% used [0x0000000790400000,0x0000000790400000,0x0000000799e00000)
  to   space 276992K, 100% used [0x00000007af180000,0x00000007c0000000,0x00000007c0000000)
 ParOldGen       total 4624896K, used 4622593K [0x00000005c5000000, 0x00000006df480000, 0x0000000717000000)
  object space 4624896K, 99% used [0x00000005c5000000,0x00000006df240710,0x00000006df480000)
 Metaspace       used 67307K, capacity 69087K, committed 69248K, reserved 1110016K
  class space    used 8031K, capacity 8203K, committed 8320K, reserved 1048576K
Event: 28.651 GC heap after
Heap after GC invocations=25 (full 8):
 PSYoungGen      total 2144256K, used 0K [0x0000000717000000, 0x00000007c0000000, 0x00000007c0000000)
  eden space 1986560K, 0% used [0x0000000717000000,0x0000000717000000,0x0000000790400000)
  from space 157696K, 0% used [0x0000000790400000,0x0000000790400000,0x0000000799e00000)
  to   space 276992K, 97% used [0x00000007af180000,0x00000007bf8497b8,0x00000007c0000000)
 ParOldGen       total 5537792K, used 4624796K [0x00000005c5000000, 0x0000000717000000, 0x0000000717000000)
  object space 5537792K, 83% used [0x00000005c5000000,0x00000006df467088,0x0000000717000000)
 Metaspace       used 67307K, capacity 69087K, committed 69248K, reserved 1110016K
  class space    used 8031K, capacity 8203K, committed 8320K, reserved 1048576K
}
Event: 56.908 GC heap before
{Heap before GC invocations=26 (full 9):
 PSYoungGen      total 2144256K, used 1986560K [0x0000000717000000, 0x00000007c0000000, 0x00000007c0000000)
  eden space 1986560K, 100% used [0x0000000717000000,0x0000000790400000,0x0000000790400000)
  from space 157696K, 0% used [0x0000000790400000,0x0000000790400000,0x0000000799e00000)
  to   space 276992K, 97% used [0x00000007af180000,0x00000007bf8497b8,0x00000007c0000000)
 ParOldGen       total 5537792K, used 4624796K [0x00000005c5000000, 0x0000000717000000, 0x0000000717000000)
  object space 5537792K, 83% used [0x00000005c5000000,0x00000006df467088,0x0000000717000000)
 Metaspace       used 67440K, capacity 69253K, committed 69504K, reserved 1110016K
  class space    used 8056K, capacity 8236K, committed 8320K, reserved 1048576K
Event: 62.352 GC heap after
Heap after GC invocations=26 (full 9):
 PSYoungGen      total 2144256K, used 0K [0x0000000717000000, 0x00000007c0000000, 0x00000007c0000000)
  eden space 1986560K, 0% used [0x0000000717000000,0x0000000717000000,0x0000000790400000)
  from space 157696K, 0% used [0x0000000790400000,0x0000000790400000,0x0000000799e00000)
  to   space 276992K, 0% used [0x00000007af180000,0x00000007af180000,0x00000007c0000000)
 ParOldGen       total 5537792K, used 5519573K [0x00000005c5000000, 0x0000000717000000, 0x0000000717000000)
  object space 5537792K, 99% used [0x00000005c5000000,0x0000000715e35478,0x0000000717000000)
 Metaspace       used 67440K, capacity 69253K, committed 69504K, reserved 1110016K
  class space    used 8056K, capacity 8236K, committed 8320K, reserved 1048576K
}

Deoptimization events (10 events):
Event: 11.948 Thread 0x0000000002f45800 Uncommon trap: reason=unstable_if action=reinterpret pc=0x000000000325e31c method=scala.runtime.ScalaRunTime$.array_apply(Ljava/lang/Object;I)Ljava/lang/Object; @ 4
Event: 13.221 Thread 0x0000000038500000 Uncommon trap: reason=unstable_if action=reinterpret pc=0x0000000003e5d3c0 method=java.util.HashMap.remove(Ljava/lang/Object;)Ljava/lang/Object; @ 14
Event: 14.237 Thread 0x0000000002f45800 Uncommon trap: reason=bimorphic action=maybe_recompile pc=0x0000000003cd0bf0 method=scala.collection.Iterator$$anon$11.hasNext()Z @ 4
Event: 14.253 Thread 0x0000000002f45800 Uncommon trap: reason=bimorphic action=maybe_recompile pc=0x0000000003cd0bf0 method=scala.collection.Iterator$$anon$11.hasNext()Z @ 4
Event: 14.268 Thread 0x0000000002f45800 Uncommon trap: reason=bimorphic action=maybe_recompile pc=0x0000000003cd0bf0 method=scala.collection.Iterator$$anon$11.hasNext()Z @ 4
Event: 14.284 Thread 0x0000000002f45800 Uncommon trap: reason=bimorphic action=maybe_recompile pc=0x0000000003cd0bf0 method=scala.collection.Iterator$$anon$11.hasNext()Z @ 4
Event: 14.306 Thread 0x0000000002f45800 Uncommon trap: reason=bimorphic action=maybe_recompile pc=0x0000000003863fb0 method=scala.collection.Iterator$$anon$11.hasNext()Z @ 4
Event: 28.798 Thread 0x0000000002f45800 Uncommon trap: reason=unstable_if action=reinterpret pc=0x0000000003478ac4 method=scala.collection.Iterator$SliceIterator.hasNext()Z @ 9
Event: 42.171 Thread 0x00000000297d5800 Uncommon trap: reason=bimorphic action=maybe_recompile pc=0x0000000003e5afa4 method=java.util.HashMap.removeNode(ILjava/lang/Object;Ljava/lang/Object;ZZ)Ljava/util/HashMap$Node; @ 68
Event: 42.171 Thread 0x00000000297d5800 Uncommon trap: reason=bimorphic action=maybe_recompile pc=0x0000000003e5afa4 method=java.util.HashMap.removeNode(ILjava/lang/Object;Ljava/lang/Object;ZZ)Ljava/util/HashMap$Node; @ 68

Classes redefined (0 events):
No events

Internal exceptions (10 events):
Event: 5.746 Thread 0x0000000038500000 Implicit null exception at 0x0000000003d0a0d9 to 0x0000000003d0b8f9
Event: 5.747 Thread 0x0000000038500000 Exception <a 'java/lang/NoSuchMethodError': java.lang.Object.$anonfun$boundingBox$1(Lvtk/vtkActor;)Lscalismo/ui/model/BoundingBox;> (0x000000071daa3770) thrown at [C:\re\workspace\8-2-build-windows-amd64-cygwin\jdk8u202\12323\hotspot\src\share\vm\interpre
Event: 5.750 Thread 0x0000000038500000 Exception <a 'java/lang/NoSuchMethodError': java.lang.Object.$anonfun$boundingBox$2(Lscalismo/ui/model/BoundingBox;Lscalismo/ui/model/BoundingBox;)Lscalismo/ui/model/BoundingBox;> (0x000000071dad02e0) thrown at [C:\re\workspace\8-2-build-windows-amd64-cyg
Event: 5.844 Thread 0x0000000038500000 Exception <a 'java/lang/NoSuchMethodError': java.lang.Object.$anonfun$$minus$minus$eq$1(Lscala/collection/generic/Shrinkable;Ljava/lang/Object;)Lscala/collection/generic/Shrinkable;> (0x000000072084c760) thrown at [C:\re\workspace\8-2-build-windows-amd64-
Event: 5.845 Thread 0x0000000038500000 Exception <a 'java/lang/NoSuchMethodError': java.lang.Object.$anonfun$indexOf$1$adapted(Ljava/lang/Object;Ljava/lang/Object;)Ljava/lang/Object;> (0x0000000720852e28) thrown at [C:\re\workspace\8-2-build-windows-amd64-cygwin\jdk8u202\12323\hotspot\src\shar
Event: 5.845 Thread 0x0000000038500000 Exception <a 'java/lang/NoSuchMethodError': java.lang.Object.$anonfun$indexWhere$1$adapted(Lscala/Function1;Ljava/lang/Object;)Ljava/lang/Object;> (0x00000007208571d8) thrown at [C:\re\workspace\8-2-build-windows-amd64-cygwin\jdk8u202\12323\hotspot\src\sh
Event: 6.181 Thread 0x0000000002f45800 Exception <a 'java/lang/NoSuchMethodError': java.lang.Object.$anonfun$compose$1(Lscala/Function1;Lscala/Function1;Ljava/lang/Object;)Ljava/lang/Object;> (0x000000071a9c4738) thrown at [C:\re\workspace\8-2-build-windows-amd64-cygwin\jdk8u202\12323\hotspot\
Event: 12.469 Thread 0x0000000038500000 Exception <a 'java/lang/NoSuchMethodError': java.lang.Object.$anonfun$min$1(Lscala/math/Ordering;Ljava/lang/Object;Ljava/lang/Object;)Ljava/lang/Object;> (0x000000076f6e0800) thrown at [C:\re\workspace\8-2-build-windows-amd64-cygwin\jdk8u202\12323\hotspot
Event: 12.474 Thread 0x0000000038500000 Exception <a 'java/lang/NoSuchMethodError': java.lang.Object.$anonfun$max$1(Lscala/math/Ordering;Ljava/lang/Object;Ljava/lang/Object;)Ljava/lang/Object;> (0x000000076f722d88) thrown at [C:\re\workspace\8-2-build-windows-amd64-cygwin\jdk8u202\12323\hotspot
Event: 13.221 Thread 0x0000000038500000 Implicit null exception at 0x0000000003e5d00f to 0x0000000003e5d3b5

Events (10 events):
Event: 44.876 loading class sun/awt/windows/WComponentPeer$1
Event: 44.876 loading class sun/awt/windows/WComponentPeer$1 done
Event: 45.003 loading class sun/awt/windows/WWindowPeer$1
Event: 45.008 loading class sun/awt/windows/WWindowPeer$1 done
Event: 56.908 Executing VM operation: ParallelGCFailedAllocation
Event: 62.352 Executing VM operation: ParallelGCFailedAllocation done
Event: 62.434 Thread 0x0000000027eb8800 flushing nmethod 0x000000000319a410
Event: 62.434 Thread 0x0000000027eb8800 flushing nmethod 0x000000000320db90
Event: 62.434 Thread 0x0000000027eb8800 flushing nmethod 0x00000000032b1050
Event: 62.434 Thread 0x0000000027eb8800 flushing nmethod 0x00000000032f40d0


Dynamic libraries:
0x00007ff74ee30000 - 0x00007ff74ee67000 	C:\Program Files\Java\jdk1.8.0_202\bin\java.exe
0x00007ff8ddd80000 - 0x00007ff8ddf70000 	C:\WINDOWS\SYSTEM32\ntdll.dll
0x00007ff8dd040000 - 0x00007ff8dd0f2000 	C:\WINDOWS\System32\KERNEL32.DLL
0x00007ff8dad10000 - 0x00007ff8dafb3000 	C:\WINDOWS\System32\KERNELBASE.dll
0x000000005a420000 - 0x000000005a4b5000 	C:\WINDOWS\System32\SYSFER.DLL
0x00007ff8dd950000 - 0x00007ff8dd9f3000 	C:\WINDOWS\System32\ADVAPI32.dll
0x00007ff8dbed0000 - 0x00007ff8dbf6e000 	C:\WINDOWS\System32\msvcrt.dll
0x00007ff8dbe30000 - 0x00007ff8dbec7000 	C:\WINDOWS\System32\sechost.dll
0x00007ff8dc210000 - 0x00007ff8dc330000 	C:\WINDOWS\System32\RPCRT4.dll
0x00007ff8dbf70000 - 0x00007ff8dc104000 	C:\WINDOWS\System32\USER32.dll
0x00007ff8dafc0000 - 0x00007ff8dafe1000 	C:\WINDOWS\System32\win32u.dll
0x00007ff8dc110000 - 0x00007ff8dc136000 	C:\WINDOWS\System32\GDI32.dll
0x00007ff8dbbc0000 - 0x00007ff8dbd54000 	C:\WINDOWS\System32\gdi32full.dll
0x00007ff8dbd60000 - 0x00007ff8dbdfe000 	C:\WINDOWS\System32\msvcp_win.dll
0x00007ff8dba60000 - 0x00007ff8dbb5a000 	C:\WINDOWS\System32\ucrtbase.dll
0x00007ff8d22f0000 - 0x00007ff8d2575000 	C:\WINDOWS\WinSxS\amd64_microsoft.windows.common-controls_6595b64144ccf1df_6.0.18362.657_none_e6c5b579130e3898\COMCTL32.dll
0x00007ff8dda00000 - 0x00007ff8ddd36000 	C:\WINDOWS\System32\combase.dll
0x00007ff8daff0000 - 0x00007ff8db070000 	C:\WINDOWS\System32\bcryptPrimitives.dll
0x00007ff8dc4f0000 - 0x00007ff8dc51e000 	C:\WINDOWS\System32\IMM32.DLL
0x00000000588b0000 - 0x0000000058982000 	C:\Program Files\Java\jdk1.8.0_202\jre\bin\msvcr100.dll
0x0000000057cb0000 - 0x0000000058555000 	C:\Program Files\Java\jdk1.8.0_202\jre\bin\server\jvm.dll
0x00007ff8dd160000 - 0x00007ff8dd168000 	C:\WINDOWS\System32\PSAPI.DLL
0x00007ff8c4830000 - 0x00007ff8c4839000 	C:\WINDOWS\SYSTEM32\WSOCK32.dll
0x00007ff8dc800000 - 0x00007ff8dc86f000 	C:\WINDOWS\System32\WS2_32.dll
0x00007ff8d8db0000 - 0x00007ff8d8dd4000 	C:\WINDOWS\SYSTEM32\WINMM.dll
0x00007ff8d67e0000 - 0x00007ff8d67ea000 	C:\WINDOWS\SYSTEM32\VERSION.dll
0x00007ff8d8d80000 - 0x00007ff8d8dad000 	C:\WINDOWS\SYSTEM32\WINMMBASE.dll
0x00007ff8db090000 - 0x00007ff8db0da000 	C:\WINDOWS\System32\cfgmgr32.dll
0x00007ff8d7570000 - 0x00007ff8d757f000 	C:\Program Files\Java\jdk1.8.0_202\jre\bin\verify.dll
0x00007ff8ba570000 - 0x00007ff8ba599000 	C:\Program Files\Java\jdk1.8.0_202\jre\bin\java.dll
0x00007ff88ea10000 - 0x00007ff88ea33000 	C:\Program Files\Java\jdk1.8.0_202\jre\bin\instrument.dll
0x00007ff8cd0d0000 - 0x00007ff8cd0e6000 	C:\Program Files\Java\jdk1.8.0_202\jre\bin\zip.dll
0x00007ff8dc950000 - 0x00007ff8dd035000 	C:\WINDOWS\System32\SHELL32.dll
0x00007ff8dc5d0000 - 0x00007ff8dc679000 	C:\WINDOWS\System32\shcore.dll
0x00007ff8db2e0000 - 0x00007ff8dba5f000 	C:\WINDOWS\System32\windows.storage.dll
0x00007ff8daca0000 - 0x00007ff8dacbf000 	C:\WINDOWS\System32\profapi.dll
0x00007ff8dacc0000 - 0x00007ff8dad0a000 	C:\WINDOWS\System32\powrprof.dll
0x00007ff8dac50000 - 0x00007ff8dac60000 	C:\WINDOWS\System32\UMPDC.dll
0x00007ff8dc490000 - 0x00007ff8dc4e2000 	C:\WINDOWS\System32\shlwapi.dll
0x00007ff8dac60000 - 0x00007ff8dac71000 	C:\WINDOWS\System32\kernel.appcore.dll
0x00007ff8db070000 - 0x00007ff8db087000 	C:\WINDOWS\System32\cryptsp.dll
0x00007ff8ce0b0000 - 0x00007ff8ce0ca000 	C:\Program Files\JetBrains\IntelliJ IDEA Community Edition 2019.2.4\bin\breakgen64.dll
0x00007ff8ccea0000 - 0x00007ff8cceba000 	C:\Program Files\Java\jdk1.8.0_202\jre\bin\net.dll
0x00007ff8cc050000 - 0x00007ff8cc226000 	C:\WINDOWS\SYSTEM32\urlmon.dll
0x00007ff8c9ea0000 - 0x00007ff8ca146000 	C:\WINDOWS\SYSTEM32\iertutil.dll
0x00007ff8da690000 - 0x00007ff8da69c000 	C:\WINDOWS\SYSTEM32\CRYPTBASE.DLL
0x00007ff8da4c0000 - 0x00007ff8da527000 	C:\WINDOWS\system32\mswsock.dll
0x00007ff85fc60000 - 0x00007ff85fdf9000 	C:\Program Files\Java\jdk1.8.0_202\jre\bin\awt.dll
0x00007ff8dc140000 - 0x00007ff8dc204000 	C:\WINDOWS\System32\OLEAUT32.dll
0x00007ff8d8eb0000 - 0x00007ff8d8f3f000 	C:\WINDOWS\SYSTEM32\apphelp.dll
0x00007ff8d8fb0000 - 0x00007ff8d9049000 	C:\WINDOWS\system32\uxtheme.dll
0x00007ff8dd320000 - 0x00007ff8dd455000 	C:\WINDOWS\System32\MSCTF.dll
0x00007ff8dc330000 - 0x00007ff8dc486000 	C:\WINDOWS\System32\ole32.dll
0x00007ff8d8e60000 - 0x00007ff8d8e67000 	C:\Program Files\Java\jdk1.8.0_202\jre\bin\jawt.dll
0x00000000637c0000 - 0x00000000637cd000 	C:\Users\saeed\.scalismo\native-libs-4.0\gluegen-rt.dll
0x000000006a440000 - 0x000000006a44d000 	C:\Users\saeed\.scalismo\native-libs-4.0\nativewindow_awt.dll
0x000000006c100000 - 0x000000006c10f000 	C:\Users\saeed\.scalismo\native-libs-4.0\nativewindow_win32.dll
0x0000000064500000 - 0x00000000645a2000 	C:\Users\saeed\.scalismo\native-libs-4.0\jogl_desktop.dll
0x0000000064340000 - 0x000000006438e000 	C:\Users\saeed\.scalismo\native-libs-4.0\jogl_mobile.dll
0x000000006cbc0000 - 0x000000006cbd2000 	C:\Users\saeed\.scalismo\native-libs-4.0\newt.dll
0x00007ff8d94e0000 - 0x00007ff8d950d000 	C:\WINDOWS\system32\DWMAPI.DLL
0x00007ff89b970000 - 0x00007ff89bac6000 	C:\WINDOWS\system32\opengl32.dll
0x00007ff8cd090000 - 0x00007ff8cd0bc000 	C:\WINDOWS\SYSTEM32\GLU32.dll
0x00007ff8d98a0000 - 0x00007ff8d98c0000 	C:\WINDOWS\SYSTEM32\dxcore.dll
0x00007ff8d3d10000 - 0x00007ff8d3ed7000 	C:\WINDOWS\system32\d3d9.dll
0x00007ff8d1740000 - 0x00007ff8d182f000 	C:\WINDOWS\System32\DriverStore\FileRepository\nv_dispui.inf_amd64_8f829332188fba90\nvldumdx.dll
0x00007ff8db190000 - 0x00007ff8db2d9000 	C:\WINDOWS\System32\crypt32.dll
0x00007ff8dac80000 - 0x00007ff8dac92000 	C:\WINDOWS\System32\MSASN1.dll
0x00007ff8dbb60000 - 0x00007ff8dbbbc000 	C:\WINDOWS\System32\WINTRUST.DLL
0x00007ff8dc750000 - 0x00007ff8dc76d000 	C:\WINDOWS\System32\imagehlp.dll
0x00007ff8da030000 - 0x00007ff8da063000 	C:\WINDOWS\system32\rsaenh.dll
0x00007ff8dbe00000 - 0x00007ff8dbe26000 	C:\WINDOWS\System32\bcrypt.dll
0x00007ff8a4b30000 - 0x00007ff8a6034000 	C:\WINDOWS\System32\DriverStore\FileRepository\nv_dispui.inf_amd64_8f829332188fba90\nvd3dumx.dll
0x00007ff89da50000 - 0x00007ff89dd12000 	C:\WINDOWS\system32\nvspcap64.dll
0x00007ff8d9c90000 - 0x00007ff8d9cc1000 	C:\WINDOWS\SYSTEM32\ntmarta.dll
0x00007ff8d6280000 - 0x00007ff8d62af000 	C:\WINDOWS\SYSTEM32\cryptnet.dll
0x00007ff8d9850000 - 0x00007ff8d9872000 	C:\WINDOWS\SYSTEM32\gpapi.dll
0x00007ff8ac3f0000 - 0x00007ff8ac3f8000 	C:\ProgramData\Anaconda3\Library\bin\libEGL.dll
0x00007ff85f5a0000 - 0x00007ff85f80f000 	C:\ProgramData\Anaconda3\Library\bin\libGLESv2.dll
0x00007ff8c7bc0000 - 0x00007ff8c7bd5000 	C:\WINDOWS\SYSTEM32\VCRUNTIME140.dll
0x00007ff8c6d70000 - 0x00007ff8c6e0b000 	C:\WINDOWS\SYSTEM32\MSVCP140.dll
0x00007ff872280000 - 0x00007ff874950000 	C:\WINDOWS\System32\DriverStore\FileRepository\nv_dispui.inf_amd64_8f829332188fba90\nvoglv64.dll
0x00007ff8dd460000 - 0x00007ff8dd8d0000 	C:\WINDOWS\System32\SETUPAPI.dll
0x00007ff8d8b30000 - 0x00007ff8d8b43000 	C:\WINDOWS\SYSTEM32\WTSAPI32.dll
0x00007ff8daa50000 - 0x00007ff8daa7a000 	C:\WINDOWS\SYSTEM32\DEVOBJ.dll
0x00007ff8d9d50000 - 0x00007ff8d9dac000 	C:\WINDOWS\SYSTEM32\WINSTA.dll
0x00000000568c0000 - 0x0000000056991000 	C:\Users\saeed\.scalismo\native-libs-4.0\msvcr100.dll
0x0000000056820000 - 0x00000000568b8000 	C:\Users\saeed\.scalismo\native-libs-4.0\msvcp100.dll
0x00007ff87d280000 - 0x00007ff87d2bd000 	C:\Users\saeed\.scalismo\native-libs-4.0\vtksys-6.1.dll
0x00007ff87d260000 - 0x00007ff87d273000 	C:\Users\saeed\.scalismo\native-libs-4.0\vtkzlib-6.1.dll
0x00007ff87d240000 - 0x00007ff87d25e000 	C:\Users\saeed\.scalismo\native-libs-4.0\vtkjpeg-6.1.dll
0x00007ff87d220000 - 0x00007ff87d23e000 	C:\Users\saeed\.scalismo\native-libs-4.0\vtkpng-6.1.dll
0x00007ff87d1d0000 - 0x00007ff87d21b000 	C:\Users\saeed\.scalismo\native-libs-4.0\vtktiff-6.1.dll
0x00007ff85f3c0000 - 0x00007ff85f599000 	C:\Users\saeed\.scalismo\native-libs-4.0\vtkhdf5-6.1.dll
0x00007ff87d0b0000 - 0x00007ff87d0dc000 	C:\Users\saeed\.scalismo\native-libs-4.0\vtkhdf5_hl-6.1.dll
0x00007ff85fc40000 - 0x00007ff85fc5e000 	C:\Users\saeed\.scalismo\native-libs-4.0\vtkalglib-6.1.dll
0x00007ff85fc10000 - 0x00007ff85fc39000 	C:\Users\saeed\.scalismo\native-libs-4.0\vtkoggtheora-6.1.dll
0x00007ff85fbf0000 - 0x00007ff85fc0e000 	C:\Users\saeed\.scalismo\native-libs-4.0\vtkjsoncpp-6.1.dll
0x00007ff85faf0000 - 0x00007ff85fbe2000 	C:\Users\saeed\.scalismo\native-libs-4.0\vtklibxml2-6.1.dll
0x00007ff85f380000 - 0x00007ff85f3b2000 	C:\Users\saeed\.scalismo\native-libs-4.0\vtkproj4-6.1.dll
0x00007ff85fac0000 - 0x00007ff85faec000 	C:\Users\saeed\.scalismo\native-libs-4.0\vtkverdict-6.1.dll
0x00007ff85f2e0000 - 0x00007ff85f2fc000 	C:\Users\saeed\.scalismo\native-libs-4.0\vtkexpat-6.1.dll
0x00007ff85f270000 - 0x00007ff85f2d1000 	C:\Users\saeed\.scalismo\native-libs-4.0\vtkfreetype-6.1.dll
0x00007ff891c80000 - 0x00007ff891c8e000 	C:\Users\saeed\.scalismo\native-libs-4.0\vtkftgl-6.1.dll
0x00007ff85f250000 - 0x00007ff85f266000 	C:\Users\saeed\.scalismo\native-libs-4.0\vtkgl2ps-6.1.dll
0x00007ff85cbb0000 - 0x00007ff85cda1000 	C:\Users\saeed\.scalismo\native-libs-4.0\vtkCommonCore-6.1.dll
0x00007ff88ea00000 - 0x00007ff88ea09000 	C:\Users\saeed\.scalismo\native-libs-4.0\vtkWrappingJava-6.1.dll
0x00007ff85f210000 - 0x00007ff85f24e000 	C:\Users\saeed\.scalismo\native-libs-4.0\vtkCommonCoreJava.dll
0x00007ff85cb90000 - 0x00007ff85cbad000 	C:\Users\saeed\.scalismo\native-libs-4.0\vtkCommonMath-6.1.dll
0x00007ff88a2d0000 - 0x00007ff88a2df000 	C:\Users\saeed\.scalismo\native-libs-4.0\vtkCommonMathJava.dll
0x00007ff85cb70000 - 0x00007ff85cb85000 	C:\Users\saeed\.scalismo\native-libs-4.0\vtkCommonMisc-6.1.dll
0x00007ff885e30000 - 0x00007ff885e39000 	C:\Users\saeed\.scalismo\native-libs-4.0\vtkCommonMiscJava.dll
0x00007ff85cb50000 - 0x00007ff85cb67000 	C:\Users\saeed\.scalismo\native-libs-4.0\vtkCommonSystem-6.1.dll
0x00007ff885970000 - 0x00007ff88597a000 	C:\Users\saeed\.scalismo\native-libs-4.0\vtkCommonSystemJava.dll
0x00007ff85cb20000 - 0x00007ff85cb48000 	C:\Users\saeed\.scalismo\native-libs-4.0\vtkCommonTransforms-6.1.dll
0x00007ff85cb00000 - 0x00007ff85cb12000 	C:\Users\saeed\.scalismo\native-libs-4.0\vtkCommonTransformsJava.dll
0x00007ff85c8f0000 - 0x00007ff85caf9000 	C:\Users\saeed\.scalismo\native-libs-4.0\vtkCommonDataModel-6.1.dll
0x00007ff85c860000 - 0x00007ff85c8e3000 	C:\Users\saeed\.scalismo\native-libs-4.0\vtkCommonDataModelJava.dll
0x00007ff85c840000 - 0x00007ff85c85b000 	C:\Users\saeed\.scalismo\native-libs-4.0\vtkCommonColor-6.1.dll
0x00007ff882fe0000 - 0x00007ff882fe9000 	C:\Users\saeed\.scalismo\native-libs-4.0\vtkCommonColorJava.dll
0x00007ff85c820000 - 0x00007ff85c83c000 	C:\Users\saeed\.scalismo\native-libs-4.0\vtkCommonComputationalGeometry-6.1.dll
0x00007ff87f5c0000 - 0x00007ff87f5cd000 	C:\Users\saeed\.scalismo\native-libs-4.0\vtkCommonComputationalGeometryJava.dll
0x00007ff85c7a0000 - 0x00007ff85c813000 	C:\Users\saeed\.scalismo\native-libs-4.0\vtkCommonExecutionModel-6.1.dll
0x00007ff85c770000 - 0x00007ff85c792000 	C:\Users\saeed\.scalismo\native-libs-4.0\vtkCommonExecutionModelJava.dll
0x00007ff85c750000 - 0x00007ff85c76d000 	C:\Users\saeed\.scalismo\native-libs-4.0\vtkDICOMParser-6.1.dll
0x00007ff85c6d0000 - 0x00007ff85c746000 	C:\Users\saeed\.scalismo\native-libs-4.0\vtkmetaio-6.1.dll
0x00007ff85c680000 - 0x00007ff85c6cf000 	C:\Users\saeed\.scalismo\native-libs-4.0\vtkIOCore-6.1.dll
0x00007ff87b930000 - 0x00007ff87b93d000 	C:\Users\saeed\.scalismo\native-libs-4.0\vtkIOCoreJava.dll

VM Arguments:
jvm_args: -javaagent:C:\Program Files\JetBrains\IntelliJ IDEA Community Edition 2019.2.4\lib\idea_rt.jar=61311:C:\Program Files\JetBrains\IntelliJ IDEA Community Edition 2019.2.4\bin -Dfile.encoding=UTF-8 
java_command: com.example.ExampleApp
java_class_path (initial): C:\Program Files\Java\jdk1.8.0_202\jre\lib\charsets.jar;C:\Program Files\Java\jdk1.8.0_202\jre\lib\deploy.jar;C:\Program Files\Java\jdk1.8.0_202\jre\lib\ext\access-bridge-64.jar;C:\Program Files\Java\jdk1.8.0_202\jre\lib\ext\cldrdata.jar;C:\Program Files\Java\jdk1.8.0_202\jre\lib\ext\dnsns.jar;C:\Program Files\Java\jdk1.8.0_202\jre\lib\ext\jaccess.jar;C:\Program Files\Java\jdk1.8.0_202\jre\lib\ext\jfxrt.jar;C:\Program Files\Java\jdk1.8.0_202\jre\lib\ext\localedata.jar;C:\Program Files\Java\jdk1.8.0_202\jre\lib\ext\nashorn.jar;C:\Program Files\Java\jdk1.8.0_202\jre\lib\ext\sunec.jar;C:\Program Files\Java\jdk1.8.0_202\jre\lib\ext\sunjce_provider.jar;C:\Program Files\Java\jdk1.8.0_202\jre\lib\ext\sunmscapi.jar;C:\Program Files\Java\jdk1.8.0_202\jre\lib\ext\sunpkcs11.jar;C:\Program Files\Java\jdk1.8.0_202\jre\lib\ext\zipfs.jar;C:\Program Files\Java\jdk1.8.0_202\jre\lib\javaws.jar;C:\Program Files\Java\jdk1.8.0_202\jre\lib\jce.jar;C:\Program Files\Java\jdk1.8.0_202\jre\lib\jfr.jar;C:\Program Files\Java\jdk1.8.0_202\jre\lib\jfxswt.jar;C:\Program Files\Java\jdk1.8.0_202\jre\lib\jsse.jar;C:\Program Files\Java\jdk1.8.0_202\jre\lib\management-agent.jar;C:\Program Files\Java\jdk1.8.0_202\jre\lib\plugin.jar;C:\Program Files\Java\jdk1.8.0_202\jre\lib\resources.jar;C:\Program Files\Java\jdk1.8.0_202\jre\lib\rt.jar;D:\learning\scalismo\1\minimal-scalismo-seed\target\scala-2.12\classes;C:\Users\saeed\.ivy2\cache\ch.unibas.cs.gravis\scalismo-native-all\jars\scalismo-native-all-4.0.0.jar;C:\Users\saeed\.ivy2\cache\org.typelevel\macro-compat_2.12\jars\macro-compat_2.12-1.1.1.jar;C:\Users\saeed\.ivy2\cache\org.typelevel\machinist_2.12\jars\machinist_2.12-0.6.1.jar;C:\Users\saeed\.ivy2\cache\org.spire-math\spire_2.12\jars\spire_2.12-0.13.0.jar;C:\Users\saeed\.ivy2\cache\org.spire-math\spire-macros_2.12\jars\spire-macros_2.12-0.13.0.jar;C:\Users\saeed\.ivy2\cache\org.slf4j\slf4j-nop\jars\slf4j-nop-1.6.0.jar;C:\Users\saeed\.ivy2\cache\org.slf4j\slf4j-api\jars\
Launcher Type: SUN_STANDARD

Environment Variables:
PATH=C:\Program Files\NVIDIA GPU Computing Toolkit\CUDA\v10.2\bin;C:\Program Files\NVIDIA GPU Computing Toolkit\CUDA\v10.2\libnvvp;C:\Program Files (x86)\Common Files\Oracle\Java\javapath;C:\Program Files\NVIDIA GPU Computing Toolkit\CUDA\v10.1\bin;C:\Program Files\NVIDIA GPU Computing Toolkit\CUDA\v10.1\libnvvp;C:\ProgramData\Anaconda3;C:\ProgramData\Anaconda3\Library\mingw-w64\bin;C:\ProgramData\Anaconda3\Library\usr\bin;C:\ProgramData\Anaconda3\Library\bin;C:\ProgramData\Anaconda3\Scripts;C:\WINDOWS\system32;C:\WINDOWS;C:\WINDOWS\System32\Wbem;C:\WINDOWS\System32\WindowsPowerShell\v1.0\;C:\WINDOWS\System32\OpenSSH\;C:\Program Files\SPSS\Statistics\25\JRE\bin;C:\Program Files\PuTTY\;C:\Program Files\MATLAB\R2019a\runtime\win64;C:\Program Files\MATLAB\R2019a\bin;C:\Program Files\CMake\bin;C:\Program Files (x86)\NVIDIA Corporation\PhysX\Common;C:\Program Files\NVIDIA Corporation\NVIDIA NvDLISR;C:\Program Files\Git\cmd;C:\Program Files (x86)\sbt\bin;C:\Program Files\NVIDIA Corporation\Nsight Compute 2019.5.0\;C:\Program Files\Common Files\Materialise\UCRT\10.0.102240\;C:\Users\saeed\AppData\Local\Microsoft\WindowsApps;C:\Program Files\JetBrains\PyCharm Community Edition 2019.2.3\bin;
USERNAME=saeed
OS=Windows_NT
PROCESSOR_IDENTIFIER=Intel64 Family 6 Model 85 Stepping 4, GenuineIntel



---------------  S Y S T E M  ---------------

OS: Windows 10.0 , 64 bit Build 18362 (10.0.18362.329)

CPU:total 8 (initial active 8) (4 cores per cpu, 2 threads per core) family 6 model 85 stepping 4, cmov, cx8, fxsr, mmx, sse, sse2, sse3, ssse3, sse4.1, sse4.2, popcnt, avx, avx2, aes, clmul, erms, rtm, 3dnowpref, lzcnt, ht, tsc, tscinvbit, bmi1, bmi2, adx

Memory: 4k page, physical 33221716k(9008256k free), swap 120672232k(26702168k free)

vm_info: Java HotSpot(TM) 64-Bit Server VM (25.202-b08) for windows-amd64 JRE (1.8.0_202-b08), built on Dec 15 2018 19:54:30 by "java_re" with MS VC++ 10.0 (VS2010)

time: Wed Mar 04 17:47:39 2020
timezone: W. Europe Standard Time
elapsed time: 67 seconds (0d 0h 1m 7s)

